Using pre-set license
Built from '2020.3/staging' branch; Version is '2020.3.23f1 (c5d91304a876) revision 12966163'; Using compiler version '192528614'; Build Type 'Release'
OS: 'Windows 10 Pro; OS build 19043.1348; Version 2009; 64bit' Language: 'en' Physical Memory: 12156 MB
BatchMode: 1, IsHumanControllingUs: 0, StartBugReporterOnCrash: 0, Is64bit: 1, IsPro: 0

COMMAND LINE ARGUMENTS:
C:\Program Files\Unity\Hub\Editor\2020.3.23f1\Editor\Unity.exe
-adb2
-batchMode
-noUpm
-name
AssetImportWorker0
-projectPath
D:/myfile/CS 222/lab1/lab1/New Unity Project
-logFile
Logs/AssetImportWorker0.log
-srvPort
53195
Successfully changed project path to: D:/myfile/CS 222/lab1/lab1/New Unity Project
D:/myfile/CS 222/lab1/lab1/New Unity Project
Using Asset Import Pipeline V2.
Refreshing native plugins compatible for Editor in 34.09 ms, found 2 plugins.
Preloading 0 native plugins for Editor in 0.00 ms.
Initialize engine version: 2020.3.23f1 (c5d91304a876)
[Subsystems] Discovering subsystems at path C:/Program Files/Unity/Hub/Editor/2020.3.23f1/Editor/Data/Resources/UnitySubsystems
[Subsystems] Discovering subsystems at path D:/myfile/CS 222/lab1/lab1/New Unity Project/Assets
GfxDevice: creating device client; threaded=0
Direct3D:
    Version:  Direct3D 11.0 [level 11.1]
    Renderer: NVIDIA GeForce GTX 1050 (ID=0x1c8d)
    Vendor:   
    VRAM:     4021 MB
    Driver:   30.0.14.9649
Initialize mono
Mono path[0] = 'C:/Program Files/Unity/Hub/Editor/2020.3.23f1/Editor/Data/Managed'
Mono path[1] = 'C:/Program Files/Unity/Hub/Editor/2020.3.23f1/Editor/Data/MonoBleedingEdge/lib/mono/unityjit'
Mono config path = 'C:/Program Files/Unity/Hub/Editor/2020.3.23f1/Editor/Data/MonoBleedingEdge/etc'
Using monoOptions --debugger-agent=transport=dt_socket,embedding=1,server=y,suspend=n,address=127.0.0.1:56700
Begin MonoManager ReloadAssembly
Registering precompiled unity dll's ...
Register platform support module: C:/Program Files/Unity/Hub/Editor/2020.3.23f1/Editor/Data/PlaybackEngines/WindowsStandaloneSupport/UnityEditor.WindowsStandalone.Extensions.dll
Registered in 0.156557 seconds.
Native extension for WindowsStandalone target not found
Refreshing native plugins compatible for Editor in 36.81 ms, found 2 plugins.
Preloading 0 native plugins for Editor in 0.00 ms.
Mono: successfully reloaded assembly
- Completed reload, in  5.064 seconds
Domain Reload Profiling:
	ReloadAssembly (5065ms)
		BeginReloadAssembly (3629ms)
			ExecutionOrderSort (0ms)
			DisableScriptedObjects (0ms)
			BackupInstance (0ms)
			ReleaseScriptingObjects (0ms)
			CreateAndSetChildDomain (1ms)
		EndReloadAssembly (1022ms)
			LoadAssemblies (3633ms)
			RebuildTransferFunctionScriptingTraits (0ms)
			SetupTypeCache (667ms)
			ReleaseScriptCaches (0ms)
			RebuildScriptCaches (36ms)
			SetupLoadedEditorAssemblies (185ms)
				LogAssemblyErrors (0ms)
				InitializePlatformSupportModulesInManaged (5ms)
				SetLoadedEditorAssemblies (0ms)
				RefreshPlugins (37ms)
				BeforeProcessingInitializeOnLoad (15ms)
				ProcessInitializeOnLoadAttributes (90ms)
				ProcessInitializeOnLoadMethodAttributes (39ms)
				AfterProcessingInitializeOnLoad (0ms)
				EditorAssembliesLoaded (0ms)
			ExecutionOrderSort2 (0ms)
			AwakeInstancesAfterBackupRestoration (0ms)
Platform modules already initialized, skipping
Registering precompiled user dll's ...
Registered in 0.818739 seconds.
Begin MonoManager ReloadAssembly
Native extension for WindowsStandalone target not found
Refreshing native plugins compatible for Editor in 0.59 ms, found 2 plugins.
Preloading 0 native plugins for Editor in 0.00 ms.
Mono: successfully reloaded assembly
- Completed reload, in  5.085 seconds
Domain Reload Profiling:
	ReloadAssembly (5092ms)
		BeginReloadAssembly (188ms)
			ExecutionOrderSort (0ms)
			DisableScriptedObjects (5ms)
			BackupInstance (0ms)
			ReleaseScriptingObjects (0ms)
			CreateAndSetChildDomain (30ms)
		EndReloadAssembly (4830ms)
			LoadAssemblies (1360ms)
			RebuildTransferFunctionScriptingTraits (0ms)
			SetupTypeCache (1294ms)
			ReleaseScriptCaches (1ms)
			RebuildScriptCaches (63ms)
			SetupLoadedEditorAssemblies (1995ms)
				LogAssemblyErrors (0ms)
				InitializePlatformSupportModulesInManaged (5ms)
				SetLoadedEditorAssemblies (0ms)
				RefreshPlugins (1ms)
				BeforeProcessingInitializeOnLoad (94ms)
				ProcessInitializeOnLoadAttributes (468ms)
				ProcessInitializeOnLoadMethodAttributes (1418ms)
				AfterProcessingInitializeOnLoad (9ms)
				EditorAssembliesLoaded (0ms)
			ExecutionOrderSort2 (0ms)
			AwakeInstancesAfterBackupRestoration (10ms)
Platform modules already initialized, skipping
========================================================================
Worker process is ready to serve import requests
Launched and connected shader compiler UnityShaderCompiler.exe after 0.30 seconds
Refreshing native plugins compatible for Editor in 0.36 ms, found 2 plugins.
Preloading 0 native plugins for Editor in 0.00 ms.
Unloading 1506 Unused Serialized files (Serialized files now loaded: 0)
System memory in use before: 67.7 MB.
System memory in use after: 67.8 MB.

Unloading 19 unused Assets to reduce memory usage. Loaded Objects now: 1939.
Total: 3.048300 ms (FindLiveObjects: 0.190000 ms CreateObjectMapping: 0.047800 ms MarkObjects: 2.691600 ms  DeleteObjects: 0.115800 ms)

AssetImportParameters requested are different than current active one (requested -> active):
  custom:framework-win-MediaFoundation: 216162199b28c13a410421893ffa2e32 -> 
  custom:video-decoder-ogg-theora: a1e56fd34408186e4bbccfd4996cb3dc -> 
  custom:container-muxer-webm: aa71ff27fc2769a1b78a27578f13a17b -> 
  custom:container-demuxer-webm: 4f35f7cbe854078d1ac9338744f61a02 -> 
  custom:container-demuxer-ogg: 62fdf1f143b41e24485cea50d1cbac27 -> 
  custom:video-encoder-webm-vp8: eb34c28f22e8b96e1ab97ce403110664 -> 
  custom:video-decoder-webm-vp8: 9c59270c3fd7afecdb556c50c9e8de78 -> 
  custom:audio-decoder-ogg-vorbis: bf7c407c2cedff20999df2af8eb42d56 -> 
  custom:audio-encoder-webm-vorbis: bf7c407c2cedff20999df2af8eb42d56 -> 
========================================================================
Received Import Request.
  path: Assets/modellabone/Breakdance Uprock Var 2.fbx
  artifactKey: Guid(9eb6172a39035b040bddb318454ad8e1) Importer(815301076,1909f56bfc062723c751e8b465ee728b)
Start importing Assets/modellabone/Breakdance Uprock Var 2.fbx using Guid(9eb6172a39035b040bddb318454ad8e1) Importer(815301076,1909f56bfc062723c751e8b465ee728b)  -> (artifact id: '230483c5d6ac33670074d822da358d93') in 0.912784 seconds 
  Import took 0.917458 seconds .

========================================================================
Received Import Request.
  Time since last request: 0.000335 seconds.
  path: Assets/modellabone
  artifactKey: Guid(4aa05e2aefbef6b4fb1a6767efeca48e) Importer(815301076,1909f56bfc062723c751e8b465ee728b)
Start importing Assets/modellabone using Guid(4aa05e2aefbef6b4fb1a6767efeca48e) Importer(815301076,1909f56bfc062723c751e8b465ee728b)  -> (artifact id: '5872b1ba2fce0ea4ef47abb4d7df29d3') in 0.006891 seconds 
  Import took 0.009809 seconds .

========================================================================
Received Import Request.
  Time since last request: 0.000340 seconds.
  path: Assets/modellabone/Thriller Part 3.fbx
  artifactKey: Guid(0a8cc5ba6cbedca4c9cb068db5f4aa81) Importer(815301076,1909f56bfc062723c751e8b465ee728b)
Start importing Assets/modellabone/Thriller Part 3.fbx using Guid(0a8cc5ba6cbedca4c9cb068db5f4aa81) Importer(815301076,1909f56bfc062723c751e8b465ee728b)  -> (artifact id: '4387c0a16bdbf55447d8acc7a1524d99') in 0.059594 seconds 
  Import took 0.062801 seconds .

========================================================================
Received Import Request.
  Time since last request: 0.000339 seconds.
  path: Assets/modellabone/Death Backward.fbx
  artifactKey: Guid(6b6c8ac62334d1940b638930bac2eff9) Importer(815301076,1909f56bfc062723c751e8b465ee728b)
Start importing Assets/modellabone/Death Backward.fbx using Guid(6b6c8ac62334d1940b638930bac2eff9) Importer(815301076,1909f56bfc062723c751e8b465ee728b)  -> (artifact id: '23f4c4945e428545f036bfb2d96d7ce9') in 0.039101 seconds 
  Import took 0.044404 seconds .

========================================================================
Received Import Request.
  Time since last request: 18.487030 seconds.
  path: Assets/modellabone/Materail
  artifactKey: Guid(15147ff6a21a82042bce9b2e47644d83) Importer(815301076,1909f56bfc062723c751e8b465ee728b)
Start importing Assets/modellabone/Materail using Guid(15147ff6a21a82042bce9b2e47644d83) Importer(815301076,1909f56bfc062723c751e8b465ee728b)  -> (artifact id: '1ddecb6e2c6dc583e7364993e841870d') in 0.007736 seconds 
  Import took 0.011791 seconds .

========================================================================
Received Import Request.
  Time since last request: 8.840074 seconds.
  path: Assets/modellabone/Texture
  artifactKey: Guid(75475b58fcb75084f9498d0d93e05297) Importer(815301076,1909f56bfc062723c751e8b465ee728b)
Start importing Assets/modellabone/Texture using Guid(75475b58fcb75084f9498d0d93e05297) Importer(815301076,1909f56bfc062723c751e8b465ee728b)  -> (artifact id: '6fd971b7d2786fc1d80c179d1486aafa') in 0.010243 seconds 
  Import took 0.014381 seconds .

========================================================================
Received Import Request.
  Time since last request: 44.043574 seconds.
  path: Assets/modellabone/Breakdance Uprock Var 2.fbx
  artifactKey: Guid(9eb6172a39035b040bddb318454ad8e1) Importer(815301076,1909f56bfc062723c751e8b465ee728b)
Start importing Assets/modellabone/Breakdance Uprock Var 2.fbx using Guid(9eb6172a39035b040bddb318454ad8e1) Importer(815301076,1909f56bfc062723c751e8b465ee728b)  -> (artifact id: 'a366c5f75a1ceae9e00d10cd3464bcaf') in 0.071795 seconds 
  Import took 0.077030 seconds .

========================================================================
Received Import Request.
  Time since last request: 8.869819 seconds.
  path: Assets/modellabone/Breakdance Uprock Var 2.fbx
  artifactKey: Guid(9eb6172a39035b040bddb318454ad8e1) Importer(815301076,1909f56bfc062723c751e8b465ee728b)
Start importing Assets/modellabone/Breakdance Uprock Var 2.fbx using Guid(9eb6172a39035b040bddb318454ad8e1) Importer(815301076,1909f56bfc062723c751e8b465ee728b)  -> (artifact id: 'f0fff1641ffecd5616a69e07e31c558a') in 0.070919 seconds 
  Import took 0.074895 seconds .

========================================================================
Received Import Request.
  Time since last request: 13.055328 seconds.
  path: Assets/modellabone/Breakdance Uprock Var 2.fbx
  artifactKey: Guid(9eb6172a39035b040bddb318454ad8e1) Importer(815301076,1909f56bfc062723c751e8b465ee728b)
Start importing Assets/modellabone/Breakdance Uprock Var 2.fbx using Guid(9eb6172a39035b040bddb318454ad8e1) Importer(815301076,1909f56bfc062723c751e8b465ee728b)  -> (artifact id: '538d0db03fdb22561e9b682cb38c07be') in 0.045474 seconds 
  Import took 0.049242 seconds .

========================================================================
Received Import Request.
  Time since last request: 20.298388 seconds.
  path: Assets/modellabone/Death Backward.fbx
  artifactKey: Guid(6b6c8ac62334d1940b638930bac2eff9) Importer(815301076,1909f56bfc062723c751e8b465ee728b)
Start importing Assets/modellabone/Death Backward.fbx using Guid(6b6c8ac62334d1940b638930bac2eff9) Importer(815301076,1909f56bfc062723c751e8b465ee728b)  -> (artifact id: '490c9e1c81a7132910b3909f15e2606d') in 0.053806 seconds 
  Import took 0.057269 seconds .

========================================================================
Received Import Request.
  Time since last request: 13.462326 seconds.
  path: Assets/modellabone/Death Backward.fbx
  artifactKey: Guid(6b6c8ac62334d1940b638930bac2eff9) Importer(815301076,1909f56bfc062723c751e8b465ee728b)
Start importing Assets/modellabone/Death Backward.fbx using Guid(6b6c8ac62334d1940b638930bac2eff9) Importer(815301076,1909f56bfc062723c751e8b465ee728b)  -> (artifact id: 'b6cfe899ee96a38344ea9b9079ac8068') in 0.058731 seconds 
  Import took 0.063942 seconds .

========================================================================
Received Import Request.
  Time since last request: 9.286070 seconds.
  path: Assets/modellabone/Death Backward.fbx
  artifactKey: Guid(6b6c8ac62334d1940b638930bac2eff9) Importer(815301076,1909f56bfc062723c751e8b465ee728b)
Start importing Assets/modellabone/Death Backward.fbx using Guid(6b6c8ac62334d1940b638930bac2eff9) Importer(815301076,1909f56bfc062723c751e8b465ee728b)  -> (artifact id: 'a66c83cdaf3b9e3847f35f1b0978319c') in 0.043694 seconds 
  Import took 0.047329 seconds .

========================================================================
Received Import Request.
  Time since last request: 9.812464 seconds.
  path: Assets/modellabone/Thriller Part 3.fbx
  artifactKey: Guid(0a8cc5ba6cbedca4c9cb068db5f4aa81) Importer(815301076,1909f56bfc062723c751e8b465ee728b)
Start importing Assets/modellabone/Thriller Part 3.fbx using Guid(0a8cc5ba6cbedca4c9cb068db5f4aa81) Importer(815301076,1909f56bfc062723c751e8b465ee728b)  -> (artifact id: '2522868ae4c52333848800e3454e7939') in 0.081080 seconds 
  Import took 0.085077 seconds .

========================================================================
Received Import Request.
  Time since last request: 8.662559 seconds.
  path: Assets/modellabone/Thriller Part 3.fbx
  artifactKey: Guid(0a8cc5ba6cbedca4c9cb068db5f4aa81) Importer(815301076,1909f56bfc062723c751e8b465ee728b)
Start importing Assets/modellabone/Thriller Part 3.fbx using Guid(0a8cc5ba6cbedca4c9cb068db5f4aa81) Importer(815301076,1909f56bfc062723c751e8b465ee728b)  -> (artifact id: '4c1bdf7534301e37f2dea1272543c464') in 0.069538 seconds 
  Import took 0.072468 seconds .

========================================================================
Received Import Request.
  Time since last request: 7.809458 seconds.
  path: Assets/modellabone/Thriller Part 3.fbx
  artifactKey: Guid(0a8cc5ba6cbedca4c9cb068db5f4aa81) Importer(815301076,1909f56bfc062723c751e8b465ee728b)
Start importing Assets/modellabone/Thriller Part 3.fbx using Guid(0a8cc5ba6cbedca4c9cb068db5f4aa81) Importer(815301076,1909f56bfc062723c751e8b465ee728b)  -> (artifact id: '9bf192270b5d871addb7b8bc71d886ed') in 0.060106 seconds 
  Import took 0.065240 seconds .

========================================================================
Received Import Request.
  Time since last request: 14.232293 seconds.
  path: Assets/modellabone/Thriller Part 3.fbx
  artifactKey: Guid(0a8cc5ba6cbedca4c9cb068db5f4aa81) Importer(815301076,1909f56bfc062723c751e8b465ee728b)
Start importing Assets/modellabone/Thriller Part 3.fbx using Guid(0a8cc5ba6cbedca4c9cb068db5f4aa81) Importer(815301076,1909f56bfc062723c751e8b465ee728b)  -> (artifact id: '3cebd48051ca60ccef66f02f4166acb4') in 0.046845 seconds 
  Import took 0.050385 seconds .

========================================================================
Received Import Request.
  Time since last request: 22.818014 seconds.
  path: Assets/modellabone/Breakdance.controller
  artifactKey: Guid(8f0e17c332b0c0042a441b6863a9a6d3) Importer(815301076,1909f56bfc062723c751e8b465ee728b)
Start importing Assets/modellabone/Breakdance.controller using Guid(8f0e17c332b0c0042a441b6863a9a6d3) Importer(815301076,1909f56bfc062723c751e8b465ee728b)  -> (artifact id: 'f730febeb03ed02be93d6d6c57022f31') in 0.016743 seconds 
  Import took 0.019695 seconds .

========================================================================
Received Import Request.
  Time since last request: 12.812752 seconds.
  path: Assets/modellabone/Death.controller
  artifactKey: Guid(1f63941874af0964685c3ea6be066ac3) Importer(815301076,1909f56bfc062723c751e8b465ee728b)
Start importing Assets/modellabone/Death.controller using Guid(1f63941874af0964685c3ea6be066ac3) Importer(815301076,1909f56bfc062723c751e8b465ee728b)  -> (artifact id: '7119ff8d79ce975dc6667b17f9c3e38e') in 0.010794 seconds 
  Import took 0.013959 seconds .

========================================================================
Received Import Request.
  Time since last request: 14.723849 seconds.
  path: Assets/modellabone/thriller.controller
  artifactKey: Guid(9a8a7d7780db142488ff535f5be5184f) Importer(815301076,1909f56bfc062723c751e8b465ee728b)
Start importing Assets/modellabone/thriller.controller using Guid(9a8a7d7780db142488ff535f5be5184f) Importer(815301076,1909f56bfc062723c751e8b465ee728b)  -> (artifact id: '624404b9c397dbaf44813539ac63c0e6') in 0.009444 seconds 
  Import took 0.012613 seconds .

========================================================================
Received Prepare
Registering precompiled user dll's ...
Registered in 0.003358 seconds.
Begin MonoManager ReloadAssembly
Native extension for WindowsStandalone target not found
Refreshing native plugins compatible for Editor in 0.39 ms, found 2 plugins.
Preloading 0 native plugins for Editor in 0.00 ms.
Mono: successfully reloaded assembly
- Completed reload, in  1.075 seconds
Domain Reload Profiling:
	ReloadAssembly (1076ms)
		BeginReloadAssembly (110ms)
			ExecutionOrderSort (0ms)
			DisableScriptedObjects (4ms)
			BackupInstance (0ms)
			ReleaseScriptingObjects (0ms)
			CreateAndSetChildDomain (34ms)
		EndReloadAssembly (895ms)
			LoadAssemblies (96ms)
			RebuildTransferFunctionScriptingTraits (0ms)
			SetupTypeCache (337ms)
			ReleaseScriptCaches (1ms)
			RebuildScriptCaches (45ms)
			SetupLoadedEditorAssemblies (298ms)
				LogAssemblyErrors (0ms)
				InitializePlatformSupportModulesInManaged (6ms)
				SetLoadedEditorAssemblies (1ms)
				RefreshPlugins (0ms)
				BeforeProcessingInitializeOnLoad (85ms)
				ProcessInitializeOnLoadAttributes (188ms)
				ProcessInitializeOnLoadMethodAttributes (10ms)
				AfterProcessingInitializeOnLoad (7ms)
				EditorAssembliesLoaded (0ms)
			ExecutionOrderSort2 (0ms)
			AwakeInstancesAfterBackupRestoration (7ms)
Platform modules already initialized, skipping
Refreshing native plugins compatible for Editor in 0.49 ms, found 2 plugins.
Preloading 0 native plugins for Editor in 0.00 ms.
Unloading 1500 Unused Serialized files (Serialized files now loaded: 0)
System memory in use before: 85.6 MB.
System memory in use after: 85.7 MB.

Unloading 14 unused Assets to reduce memory usage. Loaded Objects now: 1985.
Total: 3.416600 ms (FindLiveObjects: 0.169800 ms CreateObjectMapping: 0.049900 ms MarkObjects: 3.179000 ms  DeleteObjects: 0.017000 ms)

AssetImportParameters requested are different than current active one (requested -> active):
  custom:framework-win-MediaFoundation: 216162199b28c13a410421893ffa2e32 -> 
  custom:video-decoder-ogg-theora: a1e56fd34408186e4bbccfd4996cb3dc -> 
  custom:container-muxer-webm: aa71ff27fc2769a1b78a27578f13a17b -> 
  custom:container-demuxer-webm: 4f35f7cbe854078d1ac9338744f61a02 -> 
  custom:container-demuxer-ogg: 62fdf1f143b41e24485cea50d1cbac27 -> 
  custom:video-encoder-webm-vp8: eb34c28f22e8b96e1ab97ce403110664 -> 
  custom:video-decoder-webm-vp8: 9c59270c3fd7afecdb556c50c9e8de78 -> 
  custom:audio-decoder-ogg-vorbis: bf7c407c2cedff20999df2af8eb42d56 -> 
  custom:audio-encoder-webm-vorbis: bf7c407c2cedff20999df2af8eb42d56 -> 
========================================================================
Received Import Request.
  Time since last request: 374.813611 seconds.
  path: Assets/Prefabs/Death Backward.prefab
  artifactKey: Guid(eceb7cbabb137c64a8d1e29465db15a7) Importer(815301076,1909f56bfc062723c751e8b465ee728b)
Start importing Assets/Prefabs/Death Backward.prefab using Guid(eceb7cbabb137c64a8d1e29465db15a7) Importer(815301076,1909f56bfc062723c751e8b465ee728b) The Animator Controller (Death) you have used is not valid. Animations will not play
UnityEngine.StackTraceUtility:ExtractStackTrace ()
UnityEditor.EditorUtility:Internal_InstantiateRemoveAllNonAnimationComponentsSingle (UnityEngine.Object,UnityEngine.Vector3,UnityEngine.Quaternion)
UnityEditor.EditorUtility:InstantiateRemoveAllNonAnimationComponents (UnityEngine.Object,UnityEngine.Vector3,UnityEngine.Quaternion)
UnityEditor.EditorUtility:InstantiateForAnimatorPreview (UnityEngine.Object)
UnityEditor.GameObjectInspector/PreviewData:UpdateGameObject (UnityEngine.Object)
UnityEditor.GameObjectInspector/PreviewData:.ctor (UnityEngine.Object)
UnityEditor.GameObjectInspector:GetPreviewData ()
UnityEditor.GameObjectInspector:RenderStaticPreview (string,UnityEngine.Object[],int,int)
UnityEditor.AssetPreviewUpdater:CreatePreviewForAsset (UnityEngine.Object,UnityEngine.Object[],string)

[C:\buildslave\unity\build\Modules/Animation/Director/AnimatorControllerPlayable.cpp line 333]

The Animator Controller (Death) you have used is not valid. Animations will not play
UnityEngine.StackTraceUtility:ExtractStackTrace ()
UnityEditor.EditorUtility:InitInstantiatedPreviewRecursive (UnityEngine.GameObject)
UnityEditor.EditorUtility:InstantiateForAnimatorPreview (UnityEngine.Object)
UnityEditor.GameObjectInspector/PreviewData:UpdateGameObject (UnityEngine.Object)
UnityEditor.GameObjectInspector/PreviewData:.ctor (UnityEngine.Object)
UnityEditor.GameObjectInspector:GetPreviewData ()
UnityEditor.GameObjectInspector:RenderStaticPreview (string,UnityEngine.Object[],int,int)
UnityEditor.AssetPreviewUpdater:CreatePreviewForAsset (UnityEngine.Object,UnityEngine.Object[],string)

[C:\buildslave\unity\build\Modules/Animation/Director/AnimatorControllerPlayable.cpp line 333]

 -> (artifact id: '0986e4aaa4d41d62299782c9efa44de2') in 0.098372 seconds 
  Import took 0.101572 seconds .

========================================================================
Received Prepare
Registering precompiled user dll's ...
Registered in 0.003393 seconds.
Begin MonoManager ReloadAssembly
Native extension for WindowsStandalone target not found
Refreshing native plugins compatible for Editor in 0.47 ms, found 2 plugins.
Preloading 0 native plugins for Editor in 0.00 ms.
Mono: successfully reloaded assembly
- Completed reload, in  1.146 seconds
Domain Reload Profiling:
	ReloadAssembly (1146ms)
		BeginReloadAssembly (134ms)
			ExecutionOrderSort (0ms)
			DisableScriptedObjects (5ms)
			BackupInstance (0ms)
			ReleaseScriptingObjects (0ms)
			CreateAndSetChildDomain (44ms)
		EndReloadAssembly (947ms)
			LoadAssemblies (86ms)
			RebuildTransferFunctionScriptingTraits (0ms)
			SetupTypeCache (318ms)
			ReleaseScriptCaches (1ms)
			RebuildScriptCaches (42ms)
			SetupLoadedEditorAssemblies (371ms)
				LogAssemblyErrors (0ms)
				InitializePlatformSupportModulesInManaged (4ms)
				SetLoadedEditorAssemblies (1ms)
				RefreshPlugins (1ms)
				BeforeProcessingInitializeOnLoad (86ms)
				ProcessInitializeOnLoadAttributes (247ms)
				ProcessInitializeOnLoadMethodAttributes (16ms)
				AfterProcessingInitializeOnLoad (16ms)
				EditorAssembliesLoaded (1ms)
			ExecutionOrderSort2 (0ms)
			AwakeInstancesAfterBackupRestoration (16ms)
Platform modules already initialized, skipping
Refreshing native plugins compatible for Editor in 0.37 ms, found 2 plugins.
Preloading 0 native plugins for Editor in 0.00 ms.
Unloading 1500 Unused Serialized files (Serialized files now loaded: 0)
System memory in use before: 85.8 MB.
System memory in use after: 85.9 MB.

Unloading 14 unused Assets to reduce memory usage. Loaded Objects now: 1988.
Total: 2.947300 ms (FindLiveObjects: 0.157800 ms CreateObjectMapping: 0.077400 ms MarkObjects: 2.664600 ms  DeleteObjects: 0.046500 ms)

AssetImportParameters requested are different than current active one (requested -> active):
  custom:framework-win-MediaFoundation: 216162199b28c13a410421893ffa2e32 -> 
  custom:video-decoder-ogg-theora: a1e56fd34408186e4bbccfd4996cb3dc -> 
  custom:container-muxer-webm: aa71ff27fc2769a1b78a27578f13a17b -> 
  custom:container-demuxer-webm: 4f35f7cbe854078d1ac9338744f61a02 -> 
  custom:container-demuxer-ogg: 62fdf1f143b41e24485cea50d1cbac27 -> 
  custom:video-encoder-webm-vp8: eb34c28f22e8b96e1ab97ce403110664 -> 
  custom:video-decoder-webm-vp8: 9c59270c3fd7afecdb556c50c9e8de78 -> 
  custom:audio-decoder-ogg-vorbis: bf7c407c2cedff20999df2af8eb42d56 -> 
  custom:audio-encoder-webm-vorbis: bf7c407c2cedff20999df2af8eb42d56 -> 
========================================================================
Received Prepare
Registering precompiled user dll's ...
Registered in 0.003168 seconds.
Begin MonoManager ReloadAssembly
Native extension for WindowsStandalone target not found
Refreshing native plugins compatible for Editor in 0.36 ms, found 2 plugins.
Preloading 0 native plugins for Editor in 0.00 ms.
Mono: successfully reloaded assembly
- Completed reload, in  1.064 seconds
Domain Reload Profiling:
	ReloadAssembly (1064ms)
		BeginReloadAssembly (158ms)
			ExecutionOrderSort (0ms)
			DisableScriptedObjects (10ms)
			BackupInstance (0ms)
			ReleaseScriptingObjects (0ms)
			CreateAndSetChildDomain (53ms)
		EndReloadAssembly (827ms)
			LoadAssemblies (103ms)
			RebuildTransferFunctionScriptingTraits (0ms)
			SetupTypeCache (288ms)
			ReleaseScriptCaches (1ms)
			RebuildScriptCaches (40ms)
			SetupLoadedEditorAssemblies (307ms)
				LogAssemblyErrors (0ms)
				InitializePlatformSupportModulesInManaged (4ms)
				SetLoadedEditorAssemblies (0ms)
				RefreshPlugins (0ms)
				BeforeProcessingInitializeOnLoad (82ms)
				ProcessInitializeOnLoadAttributes (203ms)
				ProcessInitializeOnLoadMethodAttributes (10ms)
				AfterProcessingInitializeOnLoad (7ms)
				EditorAssembliesLoaded (0ms)
			ExecutionOrderSort2 (0ms)
			AwakeInstancesAfterBackupRestoration (7ms)
Platform modules already initialized, skipping
Refreshing native plugins compatible for Editor in 0.41 ms, found 2 plugins.
Preloading 0 native plugins for Editor in 0.00 ms.
Unloading 1500 Unused Serialized files (Serialized files now loaded: 0)
System memory in use before: 85.8 MB.
System memory in use after: 85.9 MB.

Unloading 14 unused Assets to reduce memory usage. Loaded Objects now: 1990.
Total: 3.060900 ms (FindLiveObjects: 0.170200 ms CreateObjectMapping: 0.042100 ms MarkObjects: 2.829100 ms  DeleteObjects: 0.018200 ms)

AssetImportParameters requested are different than current active one (requested -> active):
  custom:framework-win-MediaFoundation: 216162199b28c13a410421893ffa2e32 -> 
  custom:video-decoder-ogg-theora: a1e56fd34408186e4bbccfd4996cb3dc -> 
  custom:container-muxer-webm: aa71ff27fc2769a1b78a27578f13a17b -> 
  custom:container-demuxer-webm: 4f35f7cbe854078d1ac9338744f61a02 -> 
  custom:container-demuxer-ogg: 62fdf1f143b41e24485cea50d1cbac27 -> 
  custom:video-encoder-webm-vp8: eb34c28f22e8b96e1ab97ce403110664 -> 
  custom:video-decoder-webm-vp8: 9c59270c3fd7afecdb556c50c9e8de78 -> 
  custom:audio-decoder-ogg-vorbis: bf7c407c2cedff20999df2af8eb42d56 -> 
  custom:audio-encoder-webm-vorbis: bf7c407c2cedff20999df2af8eb42d56 -> 
AssetImportWorkerClient::OnTransportError - code=2 error=End of file
